2026-01-27 13:02:25,571 - INFO - å·²åŠ è½½çŠ¶æ€: 0 æŒä»“, 14 å¾…å»ºä»“
2026-01-27 13:02:25,571 - INFO - ç­–ç•¥åˆå§‹åŒ–å®Œæˆ. å½“å‰æ¨¡å¼: ðŸŸ¢ æ¨¡æ‹Ÿæ¨¡å¼ (Dry Run)
2026-01-27 13:02:25,571 - INFO - ========================================
2026-01-27 13:02:25,571 - INFO -    RealTime Buy Surge Strategy V3   
2026-01-27 13:02:25,571 - INFO -    Based on hm_20260126.py logic    
2026-01-27 13:02:25,571 - INFO - ========================================
2026-01-27 13:02:25,571 - INFO - å¯åŠ¨å®žç›˜ç­–ç•¥çº¿ç¨‹...
2026-01-27 13:02:25,571 - INFO - å®žç›˜äº¤æ˜“å¼•æ“Žå¯åŠ¨...
2026-01-27 13:02:25,571 - INFO - ðŸš€ é¦–æ¬¡å¯åŠ¨ï¼Œç«‹å³æ‰§è¡Œæ‰«æ...
2026-01-27 13:02:25,572 - INFO - ðŸ” å¼€å§‹å…¨å¸‚åœºæ‰«æ...
2026-01-27 13:02:26,173 - INFO - èŽ·å–åˆ° 546 ä¸ªäº¤æ˜“å¯¹
2026-01-27 13:02:28,149 - INFO - ðŸ’¡ å‘çŽ°æ½œåœ¨ä¿¡å·: ONTUSDT ä¹°é‡å€æ•°=2.22 ä»·æ ¼=0.0607
2026-01-27 13:02:28,149 - INFO -    ðŸ”„ æ›´æ–°ä¿¡å· ONTUSDT: ç›®æ ‡ä»· 0.0578 -> 0.0565
2026-01-27 13:02:33,826 - INFO - ðŸ’¡ å‘çŽ°æ½œåœ¨ä¿¡å·: SFPUSDT ä¹°é‡å€æ•°=2.93 ä»·æ ¼=0.3663
2026-01-27 13:02:33,826 - INFO -    âœ… åŠ å…¥ç­‰å¾…åˆ—è¡¨: ç›®æ ‡ä»· 0.340659 (å›žè°ƒ -7.0%)
2026-01-27 13:02:37,936 - INFO - â³ APIé¢‘çŽ‡ä¿æŠ¤: å·²æ‰«æ 100 ä¸ªï¼Œæš‚åœ 1s...
2026-01-27 13:02:40,629 - INFO - 
ðŸ“Š æ‰«æä¸­å‘çŽ°çš„é«˜ä¹°é‡å¸ç§:
   Symbol    Price Surge     AvgVol    CurrVol
  ONTUSDT 0.060700 2.22x  5554029.1 12317079.8
  SFPUSDT 0.366300 2.93x    62453.3   183287.0
  GTCUSDT 0.130000 1.53x   387568.4   592698.4
JASMYUSDT 0.006703 1.52x 15796894.0 23938351.0
  APTUSDT 1.564900 1.53x   552267.8   844857.7
2026-01-27 13:02:46,773 - INFO - ðŸ’¡ å‘çŽ°æ½œåœ¨ä¿¡å·: POWRUSDT ä¹°é‡å€æ•°=2.32 ä»·æ ¼=0.08594
2026-01-27 13:02:46,773 - INFO -    âœ… åŠ å…¥ç­‰å¾…åˆ—è¡¨: ç›®æ ‡ä»· 0.079924 (å›žè°ƒ -7.0%)
2026-01-27 13:02:47,740 - INFO - 
ðŸ“Š æ‰«æä¸­å‘çŽ°çš„é«˜ä¹°é‡å¸ç§:
  Symbol     Price Surge     AvgVol    CurrVol
 XVGUSDT  0.007242 2.02x 20102729.8 40670940.0
 BSVUSDT 17.800000 1.77x     1270.9     2250.6
 GASUSDT  2.014000 3.96x   182140.8   721461.1
POWRUSDT  0.085940 2.32x   443661.8  1031268.0
NTRNUSDT  0.020780 1.59x  1466554.3  2337660.0
2026-01-27 13:02:48,558 - INFO - ðŸ’¡ å‘çŽ°æ½œåœ¨ä¿¡å·: ONGUSDT ä¹°é‡å€æ•°=2.85 ä»·æ ¼=0.09152
2026-01-27 13:02:48,559 - INFO -    âœ… åŠ å…¥ç­‰å¾…åˆ—è¡¨: ç›®æ ‡ä»· 0.085114 (å›žè°ƒ -7.0%)
2026-01-27 13:02:50,824 - INFO - â³ APIé¢‘çŽ‡ä¿æŠ¤: å·²æ‰«æ 200 ä¸ªï¼Œæš‚åœ 1s...
2026-01-27 13:02:55,418 - INFO - ðŸ’¡ å‘çŽ°æ½œåœ¨ä¿¡å·: SYSUSDT ä¹°é‡å€æ•°=2.66 ä»·æ ¼=0.01892
2026-01-27 13:02:55,418 - INFO -    âœ… åŠ å…¥ç­‰å¾…åˆ—è¡¨: ç›®æ ‡ä»· 0.017596 (å›žè°ƒ -7.0%)
2026-01-27 13:02:55,533 - INFO - 
ðŸ“Š æ‰«æä¸­å‘çŽ°çš„é«˜ä¹°é‡å¸ç§:
   Symbol   Price Surge     AvgVol    CurrVol
  ONGUSDT 0.09152 2.85x  6364067.5 18140846.0
  AXLUSDT 0.08930 1.79x 14320096.6 25701742.0
   IOUSDT 0.15510 1.89x   405113.7   767232.2
  SYSUSDT 0.01892 2.66x   638263.2  1700680.0
BRETTUSDT 0.01317 1.67x  3552145.2  5936600.0
2026-01-27 13:02:55,781 - INFO - ðŸ’¡ å‘çŽ°æ½œåœ¨ä¿¡å·: SUNUSDT ä¹°é‡å€æ•°=2.67 ä»·æ ¼=0.018632
2026-01-27 13:02:55,781 - INFO -    âœ… åŠ å…¥ç­‰å¾…åˆ—è¡¨: ç›®æ ‡ä»· 0.017328 (å›žè°ƒ -7.0%)
2026-01-27 13:03:07,537 - INFO - å·²åŠ è½½çŠ¶æ€: 0 æŒä»“, 14 å¾…å»ºä»“
2026-01-27 13:03:07,538 - INFO - ç­–ç•¥åˆå§‹åŒ–å®Œæˆ. å½“å‰æ¨¡å¼: ðŸŸ¢ æ¨¡æ‹Ÿæ¨¡å¼ (Dry Run)
2026-01-27 13:03:07,538 - INFO - ========================================
2026-01-27 13:03:07,539 - INFO -    RealTime Buy Surge Strategy V3   
2026-01-27 13:03:07,539 - INFO -    Based on hm_20260126.py logic    
2026-01-27 13:03:07,539 - INFO - ========================================
2026-01-27 13:03:07,539 - INFO - å¯åŠ¨å®žç›˜ç­–ç•¥çº¿ç¨‹...
2026-01-27 13:03:07,539 - INFO - å®žç›˜äº¤æ˜“å¼•æ“Žå¯åŠ¨...
2026-01-27 13:03:07,539 - INFO - ðŸš€ é¦–æ¬¡å¯åŠ¨ï¼Œç«‹å³æ‰§è¡Œæ‰«æ...
2026-01-27 13:03:07,539 - INFO - ðŸ” å¼€å§‹å…¨å¸‚åœºæ‰«æ...
2026-01-27 13:03:08,147 - INFO - èŽ·å–åˆ° 546 ä¸ªäº¤æ˜“å¯¹
2026-01-27 13:03:10,128 - INFO - ðŸ’¡ å‘çŽ°æ½œåœ¨ä¿¡å·: ONTUSDT ä¹°é‡å€æ•°=2.22 ä»·æ ¼=0.0607
2026-01-27 13:03:10,129 - INFO -    ðŸ”„ æ›´æ–°ä¿¡å· ONTUSDT: ç›®æ ‡ä»· 0.0578 -> 0.0565
2026-01-27 13:03:15,825 - INFO - ðŸ’¡ å‘çŽ°æ½œåœ¨ä¿¡å·: SFPUSDT ä¹°é‡å€æ•°=2.93 ä»·æ ¼=0.3663
2026-01-27 13:03:15,825 - INFO -    âœ… åŠ å…¥ç­‰å¾…åˆ—è¡¨: ç›®æ ‡ä»· 0.340659 (å›žè°ƒ -7.0%)
2026-01-27 13:03:19,971 - INFO - â³ APIé¢‘çŽ‡ä¿æŠ¤: å·²æ‰«æ 100 ä¸ªï¼Œæš‚åœ 1s...
2026-01-27 13:03:22,349 - INFO - 
ðŸ“Š æ‰«æä¸­å‘çŽ°çš„é«˜ä¹°é‡å¸ç§:
   Symbol    Price Surge     AvgVol    CurrVol
  ONTUSDT 0.060700 2.22x  5554029.1 12317079.8
  SFPUSDT 0.366300 2.93x    62453.3   183287.0
  GTCUSDT 0.130000 1.53x   387568.4   592698.4
JASMYUSDT 0.006703 1.52x 15796894.0 23938351.0
  APTUSDT 1.564900 1.53x   552267.8   844857.7
2026-01-27 13:03:28,953 - INFO - ðŸ’¡ å‘çŽ°æ½œåœ¨ä¿¡å·: POWRUSDT ä¹°é‡å€æ•°=2.32 ä»·æ ¼=0.08594
2026-01-27 13:03:28,953 - INFO -    âœ… åŠ å…¥ç­‰å¾…åˆ—è¡¨: ç›®æ ‡ä»· 0.079924 (å›žè°ƒ -7.0%)
2026-01-27 13:03:29,894 - INFO - 
ðŸ“Š æ‰«æä¸­å‘çŽ°çš„é«˜ä¹°é‡å¸ç§:
  Symbol     Price Surge     AvgVol    CurrVol
 XVGUSDT  0.007242 2.02x 20102729.8 40670940.0
 BSVUSDT 17.800000 1.77x     1270.9     2250.6
 GASUSDT  2.014000 3.96x   182140.8   721461.1
POWRUSDT  0.085940 2.32x   443661.8  1031268.0
NTRNUSDT  0.020780 1.59x  1466554.3  2337660.0
2026-01-27 13:03:30,712 - INFO - ðŸ’¡ å‘çŽ°æ½œåœ¨ä¿¡å·: ONGUSDT ä¹°é‡å€æ•°=2.85 ä»·æ ¼=0.09152
2026-01-27 13:03:30,712 - INFO -    âœ… åŠ å…¥ç­‰å¾…åˆ—è¡¨: ç›®æ ‡ä»· 0.085114 (å›žè°ƒ -7.0%)
2026-01-27 13:03:33,014 - INFO - â³ APIé¢‘çŽ‡ä¿æŠ¤: å·²æ‰«æ 200 ä¸ªï¼Œæš‚åœ 1s...
2026-01-27 13:03:37,894 - INFO - ðŸ’¡ å‘çŽ°æ½œåœ¨ä¿¡å·: SYSUSDT ä¹°é‡å€æ•°=2.66 ä»·æ ¼=0.01892
2026-01-27 13:03:37,894 - INFO -    âœ… åŠ å…¥ç­‰å¾…åˆ—è¡¨: ç›®æ ‡ä»· 0.017596 (å›žè°ƒ -7.0%)
2026-01-27 13:03:38,010 - INFO - 
ðŸ“Š æ‰«æä¸­å‘çŽ°çš„é«˜ä¹°é‡å¸ç§:
   Symbol   Price Surge     AvgVol    CurrVol
  ONGUSDT 0.09152 2.85x  6364067.5 18140846.0
  AXLUSDT 0.08930 1.79x 14320096.6 25701742.0
   IOUSDT 0.15510 1.89x   405113.7   767232.2
  SYSUSDT 0.01892 2.66x   638263.2  1700680.0
BRETTUSDT 0.01317 1.67x  3552145.2  5936600.0
2026-01-27 13:03:38,238 - INFO - ðŸ’¡ å‘çŽ°æ½œåœ¨ä¿¡å·: SUNUSDT ä¹°é‡å€æ•°=2.67 ä»·æ ¼=0.018632
2026-01-27 13:03:38,238 - INFO -    âœ… åŠ å…¥ç­‰å¾…åˆ—è¡¨: ç›®æ ‡ä»· 0.017328 (å›žè°ƒ -7.0%)
2026-01-27 13:03:46,707 - INFO - 
ðŸ“Š æ‰«æä¸­å‘çŽ°çš„é«˜ä¹°é‡å¸ç§:
     Symbol    Price Surge       AvgVol      CurrVol
    SUNUSDT 0.018632 2.67x    5652037.7   15076620.0
    BANUSDT 0.078660 1.71x     353934.5     603786.0
    AKTUSDT 0.482800 3.19x     685336.8    2188489.3
1000WHYUSDT 0.000014 1.93x 1239537842.1 2392756277.0
   KMNOUSDT 0.041810 5.10x    1920564.1    9797780.0
2026-01-27 13:03:47,398 - INFO - â³ APIé¢‘çŽ‡ä¿æŠ¤: å·²æ‰«æ 300 ä¸ªï¼Œæš‚åœ 1s...
2026-01-27 13:03:53,033 - INFO - 
ðŸ“Š æ‰«æä¸­å‘çŽ°çš„é«˜ä¹°é‡å¸ç§:
   Symbol   Price Surge    AvgVol   CurrVol
 SOLVUSDT 0.01190 1.87x 1948190.3 3640824.0
  ARCUSDT 0.05009 1.79x 3947444.8 7082301.0
 EPICUSDT 0.52070 1.72x   37982.2   65139.8
  BMTUSDT 0.02258 1.92x  842116.4 1615462.0
SIRENUSDT 0.08797 1.65x  198203.0  327546.0
2026-01-27 13:03:58,830 - INFO - 
ðŸ“Š æ‰«æä¸­å‘çŽ°çš„é«˜ä¹°é‡å¸ç§:
        Symbol    Price Surge    AvgVol    CurrVol
        BRUSDT 0.065760 4.56x  655162.4  2987857.0
JELLYJELLYUSDT 0.059350 1.75x 1405234.9  2452214.0
    PROMPTUSDT 0.069080 7.34x 3238242.0 23756513.0
       AGTUSDT 0.004201 1.50x 7387435.4 11099707.0
         AUSDT 0.109300 1.86x  839120.2  1558779.0
2026-01-27 13:04:00,210 - INFO - â³ APIé¢‘çŽ‡ä¿æŠ¤: å·²æ‰«æ 400 ä¸ªï¼Œæš‚åœ 1s...
2026-01-27 13:04:01,445 - INFO - ðŸ’¡ å‘çŽ°æ½œåœ¨ä¿¡å·: MYXUSDT ä¹°é‡å€æ•°=2.45 ä»·æ ¼=5.645
2026-01-27 13:04:01,445 - INFO -    âœ… åŠ å…¥ç­‰å¾…åˆ—è¡¨: ç›®æ ‡ä»· 5.249850 (å›žè°ƒ -7.0%)
2026-01-27 13:04:03,711 - INFO - 
ðŸ“Š æ‰«æä¸­å‘çŽ°çš„é«˜ä¹°é‡å¸ç§:
  Symbol     Price Surge       AvgVol      CurrVol
HYPEUSDT 26.909000 2.15x     346722.2     746890.2
 MYXUSDT  5.645000 2.45x      30398.0      74606.0
  OLUSDT  0.017700 1.58x     330981.5     524588.0
PUMPUSDT  0.002951 3.75x 1286239202.4 4817685932.0
  TAUSDT  0.036190 2.04x    1328266.0    2706364.0
2026-01-27 13:04:04,870 - INFO - ðŸ’¡ å‘çŽ°æ½œåœ¨ä¿¡å·: TOWNSUSDT ä¹°é‡å€æ•°=2.26 ä»·æ ¼=0.006326
2026-01-27 13:04:04,871 - INFO -    âœ… åŠ å…¥ç­‰å¾…åˆ—è¡¨: ç›®æ ‡ä»· 0.005883 (å›žè°ƒ -7.0%)
2026-01-27 13:04:07,384 - INFO - 
ðŸ“Š æ‰«æä¸­å‘çŽ°çš„é«˜ä¹°é‡å¸ç§:
   Symbol    Price Surge     AvgVol     CurrVol
TOWNSUSDT 0.006326 2.26x  4467587.4  10077076.0
  XNYUSDT 0.004304 2.01x  7399291.7  14863871.0
CUDISUSDT 0.026990 1.82x   380576.8    690997.0
  BTRUSDT 0.081170 5.90x 61520529.5 362674055.0
 TAKEUSDT 0.035700 1.63x  1534440.3   2505834.0
2026-01-27 13:04:07,613 - INFO - ðŸ’¡ å‘çŽ°æ½œåœ¨ä¿¡å·: OPENUSDT ä¹°é‡å€æ•°=2.88 ä»·æ ¼=0.1764
2026-01-27 13:04:07,614 - INFO -    ðŸ”„ æ›´æ–°ä¿¡å· OPENUSDT: ç›®æ ‡ä»· 0.1612 -> 0.1641
